<?xml version="1.0" encoding="UTF-8"?>
<!-- Generated by org.testng.reporters.JUnitReportReporter -->
<testsuite hostname="Ajay" failures="0" tests="3" name="com.TestNG.TestNG_Practice" time="59.355" errors="0" timestamp="2024-03-18T18:54:11 IST" skipped="0">
  <testcase classname="com.TestNG.TestNG_Practice" name="Time" time="19.847"/>
  <testcase classname="com.TestNG.TestNG_Practice" name="PIM" time="25.281"/>
  <testcase classname="com.TestNG.TestNG_Practice" name="Leave" time="14.227"/>
</testsuite> <!-- com.TestNG.TestNG_Practice -->
