<?xml version="1.0" encoding="UTF-8"?>
<!-- Generated by org.testng.reporters.JUnitReportReporter -->
<testsuite hostname="Ajay" failures="0" tests="1" name="Handling_Dropdowns_Test" time="7.375" errors="0" timestamp="2024-04-10T11:07:40 IST" skipped="0">
  <testcase classname="Handling_Dropdowns_Test" name="dropdownval" time="7.375"/>
</testsuite> <!-- Handling_Dropdowns_Test -->
