<?xml version="1.0" encoding="UTF-8"?>
<!-- Generated by org.testng.reporters.JUnitReportReporter -->
<testsuite hostname="Ajay" failures="0" tests="3" name="com.TestNG.TestNG_Basics" time="0.010" errors="0" timestamp="2024-03-18T17:57:30 IST" skipped="0">
  <testcase classname="com.TestNG.TestNG_Basics" name="googlesearch" time="0.003"/>
  <testcase classname="com.TestNG.TestNG_Basics" name="gmail" time="0.003"/>
  <testcase classname="com.TestNG.TestNG_Basics" name="GetTitle" time="0.004"/>
</testsuite> <!-- com.TestNG.TestNG_Basics -->
